2000.02.02 20:59 B C:\WINNT\Profiles\msmith.000\Desktop\Milenio21\www\images\bg_left.gif --> ftp.milenio21.com /Html/Images bg_left.gif
2000.02.02 20:59 B C:\WINNT\Profiles\msmith.000\Desktop\Milenio21\www\images\bg_main.gif --> ftp.milenio21.com /Html/Images bg_main.gif
2000.02.02 21:01 B C:\WINNT\Profiles\msmith.000\Desktop\Milenio21\www\images\bg_top.gif --> ftp.milenio21.com /Html/Images bg_top.gif
2000.02.02 21:03 B C:\WINNT\Profiles\msmith.000\Desktop\Milenio21\www\images\bg_left.gif --> ftp.milenio21.com /Html/images bg_left.gif
2000.02.02 21:03 B C:\WINNT\Profiles\msmith.000\Desktop\Milenio21\www\images\bg_main.gif --> ftp.milenio21.com /Html/images bg_main.gif
2000.02.02 21:03 B C:\WINNT\Profiles\msmith.000\Desktop\Milenio21\www\images\bg_top.gif --> ftp.milenio21.com /Html/images bg_top.gif
2000.02.02 21:05 B C:\WINNT\Profiles\msmith.000\Desktop\Milenio21\www\images\bg_top.gif --> ftp.milenio21.com /Html/images bg_top.gif
2000.02.02 22:26 B C:\WINNT\Profiles\msmith.000\Desktop\Milenio21\www\images\icon_home.gif --> ftp.milenio21.com /Html/main icon_home.gif
2000.02.02 22:26 B C:\WINNT\Profiles\msmith.000\Desktop\Milenio21\www\images\icon_music.gif --> ftp.milenio21.com /Html/main icon_music.gif
2000.02.02 22:26 B C:\WINNT\Profiles\msmith.000\Desktop\Milenio21\www\images\icon_tools.gif --> ftp.milenio21.com /Html/main icon_tools.gif
2000.02.02 22:26 B C:\WINNT\Profiles\msmith.000\Desktop\Milenio21\www\images\menu_home.gif --> ftp.milenio21.com /Html/main menu_home.gif
2000.02.02 22:26 B C:\WINNT\Profiles\msmith.000\Desktop\Milenio21\www\images\menu_home_de.gif --> ftp.milenio21.com /Html/main menu_home_de.gif
2000.02.02 22:26 B C:\WINNT\Profiles\msmith.000\Desktop\Milenio21\www\images\menu_home_sp.gif --> ftp.milenio21.com /Html/main menu_home_sp.gif
2000.02.02 22:26 B C:\WINNT\Profiles\msmith.000\Desktop\Milenio21\www\images\menu_music.gif --> ftp.milenio21.com /Html/main menu_music.gif
2000.02.02 22:26 B C:\WINNT\Profiles\msmith.000\Desktop\Milenio21\www\images\menu_music_de.gif --> ftp.milenio21.com /Html/main menu_music_de.gif
2000.02.02 22:26 B C:\WINNT\Profiles\msmith.000\Desktop\Milenio21\www\images\menu_music_sp.gif --> ftp.milenio21.com /Html/main menu_music_sp.gif
2000.02.02 22:26 B C:\WINNT\Profiles\msmith.000\Desktop\Milenio21\www\images\menu_tools.gif --> ftp.milenio21.com /Html/main menu_tools.gif
2000.02.02 22:26 B C:\WINNT\Profiles\msmith.000\Desktop\Milenio21\www\images\menu_tools_de.gif --> ftp.milenio21.com /Html/main menu_tools_de.gif
2000.02.02 22:26 B C:\WINNT\Profiles\msmith.000\Desktop\Milenio21\www\images\menu_tools_sp.gif --> ftp.milenio21.com /Html/main menu_tools_sp.gif
2000.02.02 22:31 B C:\WINNT\Profiles\msmith.000\Desktop\Milenio21\www\images\icon_home.gif --> ftp.milenio21.com /Html/images icon_home.gif
2000.02.02 22:32 B C:\WINNT\Profiles\msmith.000\Desktop\Milenio21\www\images\icon_music.gif --> ftp.milenio21.com /Html/images icon_music.gif
2000.02.02 22:32 B C:\WINNT\Profiles\msmith.000\Desktop\Milenio21\www\images\icon_tools.gif --> ftp.milenio21.com /Html/images icon_tools.gif
2000.02.02 22:32 B C:\WINNT\Profiles\msmith.000\Desktop\Milenio21\www\images\menu_home.gif --> ftp.milenio21.com /Html/images menu_home.gif
2000.02.02 22:32 B C:\WINNT\Profiles\msmith.000\Desktop\Milenio21\www\images\menu_home_de.gif --> ftp.milenio21.com /Html/images menu_home_de.gif
2000.02.02 22:32 B C:\WINNT\Profiles\msmith.000\Desktop\Milenio21\www\images\menu_home_sp.gif --> ftp.milenio21.com /Html/images menu_home_sp.gif
2000.02.02 22:32 B C:\WINNT\Profiles\msmith.000\Desktop\Milenio21\www\images\menu_music.gif --> ftp.milenio21.com /Html/images menu_music.gif
2000.02.02 22:32 B C:\WINNT\Profiles\msmith.000\Desktop\Milenio21\www\images\menu_music_de.gif --> ftp.milenio21.com /Html/images menu_music_de.gif
2000.02.02 22:32 B C:\WINNT\Profiles\msmith.000\Desktop\Milenio21\www\images\menu_music_sp.gif --> ftp.milenio21.com /Html/images menu_music_sp.gif
2000.02.02 22:32 B C:\WINNT\Profiles\msmith.000\Desktop\Milenio21\www\images\menu_tools.gif --> ftp.milenio21.com /Html/images menu_tools.gif
2000.02.02 22:32 B C:\WINNT\Profiles\msmith.000\Desktop\Milenio21\www\images\menu_tools_de.gif --> ftp.milenio21.com /Html/images menu_tools_de.gif
2000.02.02 22:32 B C:\WINNT\Profiles\msmith.000\Desktop\Milenio21\www\images\menu_tools_sp.gif --> ftp.milenio21.com /Html/images menu_tools_sp.gif
